Analysis & Synthesis report for Grinalda
Thu May  9 08:44:33 2024
Quartus Prime Version 22.1std.2 Build 922 07/20/2023 SC Lite Edition


---------------------
; Table of Contents ;
---------------------
  1. Legal Notice
  2. Analysis & Synthesis Summary
  3. Analysis & Synthesis Settings
  4. Parallel Compilation
  5. Analysis & Synthesis Source Files Read
  6. Analysis & Synthesis Resource Usage Summary
  7. Analysis & Synthesis Resource Utilization by Entity
  8. Registers Removed During Synthesis
  9. General Register Statistics
 10. Inverted Register Statistics
 11. Multiplexer Restructuring Statistics (Restructuring Performed)
 12. Post-Synthesis Netlist Statistics for Top Partition
 13. Elapsed Time Per Partition
 14. Analysis & Synthesis Messages



----------------
; Legal Notice ;
----------------
Copyright (C) 2023  Intel Corporation. All rights reserved.
Your use of Intel Corporation's design tools, logic functions 
and other software and tools, and any partner logic 
functions, and any output files from any of the foregoing 
(including device programming or simulation files), and any 
associated documentation or information are expressly subject 
to the terms and conditions of the Intel Program License 
Subscription Agreement, the Intel Quartus Prime License Agreement,
the Intel FPGA IP License Agreement, or other applicable license
agreement, including, without limitation, that your use is for
the sole purpose of programming logic devices manufactured by
Intel and sold by Intel or its authorized distributors.  Please
refer to the applicable agreement for further details, at
https://fpgasoftware.intel.com/eula.



+-------------------------------------------------------------------------------------+
; Analysis & Synthesis Summary                                                        ;
+------------------------------------+------------------------------------------------+
; Analysis & Synthesis Status        ; Successful - Thu May  9 08:44:33 2024          ;
; Quartus Prime Version              ; 22.1std.2 Build 922 07/20/2023 SC Lite Edition ;
; Revision Name                      ; Grinalda                                       ;
; Top-level Entity Name              ; Grinalda                                       ;
; Family                             ; Cyclone IV E                                   ;
; Total logic elements               ; 101                                            ;
;     Total combinational functions  ; 101                                            ;
;     Dedicated logic registers      ; 42                                             ;
; Total registers                    ; 42                                             ;
; Total pins                         ; 32                                             ;
; Total virtual pins                 ; 0                                              ;
; Total memory bits                  ; 0                                              ;
; Embedded Multiplier 9-bit elements ; 0                                              ;
; Total PLLs                         ; 0                                              ;
+------------------------------------+------------------------------------------------+


+------------------------------------------------------------------------------------------------------------+
; Analysis & Synthesis Settings                                                                              ;
+------------------------------------------------------------------+--------------------+--------------------+
; Option                                                           ; Setting            ; Default Value      ;
+------------------------------------------------------------------+--------------------+--------------------+
; Device                                                           ; EP4CE115F29C7      ;                    ;
; Top-level entity name                                            ; Grinalda           ; Grinalda           ;
; Family name                                                      ; Cyclone IV E       ; Cyclone V          ;
; Use smart compilation                                            ; Off                ; Off                ;
; Enable parallel Assembler and Timing Analyzer during compilation ; On                 ; On                 ;
; Enable compact report table                                      ; Off                ; Off                ;
; Restructure Multiplexers                                         ; Auto               ; Auto               ;
; Create Debugging Nodes for IP Cores                              ; Off                ; Off                ;
; Preserve fewer node names                                        ; On                 ; On                 ;
; Intel FPGA IP Evaluation Mode                                    ; Enable             ; Enable             ;
; Verilog Version                                                  ; Verilog_2001       ; Verilog_2001       ;
; VHDL Version                                                     ; VHDL_1993          ; VHDL_1993          ;
; State Machine Processing                                         ; Auto               ; Auto               ;
; Safe State Machine                                               ; Off                ; Off                ;
; Extract Verilog State Machines                                   ; On                 ; On                 ;
; Extract VHDL State Machines                                      ; On                 ; On                 ;
; Ignore Verilog initial constructs                                ; Off                ; Off                ;
; Iteration limit for constant Verilog loops                       ; 5000               ; 5000               ;
; Iteration limit for non-constant Verilog loops                   ; 250                ; 250                ;
; Add Pass-Through Logic to Inferred RAMs                          ; On                 ; On                 ;
; Infer RAMs from Raw Logic                                        ; On                 ; On                 ;
; Parallel Synthesis                                               ; On                 ; On                 ;
; DSP Block Balancing                                              ; Auto               ; Auto               ;
; NOT Gate Push-Back                                               ; On                 ; On                 ;
; Power-Up Don't Care                                              ; On                 ; On                 ;
; Remove Redundant Logic Cells                                     ; Off                ; Off                ;
; Remove Duplicate Registers                                       ; On                 ; On                 ;
; Ignore CARRY Buffers                                             ; Off                ; Off                ;
; Ignore CASCADE Buffers                                           ; Off                ; Off                ;
; Ignore GLOBAL Buffers                                            ; Off                ; Off                ;
; Ignore ROW GLOBAL Buffers                                        ; Off                ; Off                ;
; Ignore LCELL Buffers                                             ; Off                ; Off                ;
; Ignore SOFT Buffers                                              ; On                 ; On                 ;
; Limit AHDL Integers to 32 Bits                                   ; Off                ; Off                ;
; Optimization Technique                                           ; Balanced           ; Balanced           ;
; Carry Chain Length                                               ; 70                 ; 70                 ;
; Auto Carry Chains                                                ; On                 ; On                 ;
; Auto Open-Drain Pins                                             ; On                 ; On                 ;
; Perform WYSIWYG Primitive Resynthesis                            ; Off                ; Off                ;
; Auto ROM Replacement                                             ; On                 ; On                 ;
; Auto RAM Replacement                                             ; On                 ; On                 ;
; Auto DSP Block Replacement                                       ; On                 ; On                 ;
; Auto Shift Register Replacement                                  ; Auto               ; Auto               ;
; Allow Shift Register Merging across Hierarchies                  ; Auto               ; Auto               ;
; Auto Clock Enable Replacement                                    ; On                 ; On                 ;
; Strict RAM Replacement                                           ; Off                ; Off                ;
; Allow Synchronous Control Signals                                ; On                 ; On                 ;
; Force Use of Synchronous Clear Signals                           ; Off                ; Off                ;
; Auto RAM Block Balancing                                         ; On                 ; On                 ;
; Auto RAM to Logic Cell Conversion                                ; Off                ; Off                ;
; Auto Resource Sharing                                            ; Off                ; Off                ;
; Allow Any RAM Size For Recognition                               ; Off                ; Off                ;
; Allow Any ROM Size For Recognition                               ; Off                ; Off                ;
; Allow Any Shift Register Size For Recognition                    ; Off                ; Off                ;
; Use LogicLock Constraints during Resource Balancing              ; On                 ; On                 ;
; Ignore translate_off and synthesis_off directives                ; Off                ; Off                ;
; Timing-Driven Synthesis                                          ; On                 ; On                 ;
; Report Parameter Settings                                        ; On                 ; On                 ;
; Report Source Assignments                                        ; On                 ; On                 ;
; Report Connectivity Checks                                       ; On                 ; On                 ;
; Ignore Maximum Fan-Out Assignments                               ; Off                ; Off                ;
; Synchronization Register Chain Length                            ; 2                  ; 2                  ;
; Power Optimization During Synthesis                              ; Normal compilation ; Normal compilation ;
; HDL message level                                                ; Level2             ; Level2             ;
; Suppress Register Optimization Related Messages                  ; Off                ; Off                ;
; Number of Removed Registers Reported in Synthesis Report         ; 5000               ; 5000               ;
; Number of Swept Nodes Reported in Synthesis Report               ; 5000               ; 5000               ;
; Number of Inverted Registers Reported in Synthesis Report        ; 100                ; 100                ;
; Clock MUX Protection                                             ; On                 ; On                 ;
; Auto Gated Clock Conversion                                      ; Off                ; Off                ;
; Block Design Naming                                              ; Auto               ; Auto               ;
; SDC constraint protection                                        ; Off                ; Off                ;
; Synthesis Effort                                                 ; Auto               ; Auto               ;
; Shift Register Replacement - Allow Asynchronous Clear Signal     ; On                 ; On                 ;
; Pre-Mapping Resynthesis Optimization                             ; Off                ; Off                ;
; Analysis & Synthesis Message Level                               ; Medium             ; Medium             ;
; Disable Register Merging Across Hierarchies                      ; Auto               ; Auto               ;
; Resource Aware Inference For Block RAM                           ; On                 ; On                 ;
+------------------------------------------------------------------+--------------------+--------------------+


+------------------------------------------+
; Parallel Compilation                     ;
+----------------------------+-------------+
; Processors                 ; Number      ;
+----------------------------+-------------+
; Number detected on machine ; 16          ;
; Maximum allowed            ; 16          ;
;                            ;             ;
; Average used               ; 1.00        ;
; Maximum used               ; 16          ;
;                            ;             ;
; Usage by Processor         ; % Time Used ;
;     Processor 1            ; 100.0%      ;
;     Processors 2-16        ;   0.0%      ;
+----------------------------+-------------+


+------------------------------------------------------------------------------------------------------------------------------------------------------------------------------------------------------+
; Analysis & Synthesis Source Files Read                                                                                                                                                               ;
+----------------------------------+-----------------+------------------------------------+--------------------------------------------------------------------------------------------------+---------+
; File Name with User-Entered Path ; Used in Netlist ; File Type                          ; File Name with Absolute Path                                                                     ; Library ;
+----------------------------------+-----------------+------------------------------------+--------------------------------------------------------------------------------------------------+---------+
; Bin7SegDecoder.vhd               ; yes             ; User VHDL File                     ; C:/Users/tiago/Documents/University/1 ano/2 Semestre/LSD/Pratico/MiniProjeto/Bin7SegDecoder.vhd  ;         ;
; Grinalda.bdf                     ; yes             ; User Block Diagram/Schematic File  ; C:/Users/tiago/Documents/University/1 ano/2 Semestre/LSD/Pratico/MiniProjeto/Grinalda.bdf        ;         ;
; Programa1.vhd                    ; yes             ; User VHDL File                     ; C:/Users/tiago/Documents/University/1 ano/2 Semestre/LSD/Pratico/MiniProjeto/Programa1.vhd       ;         ;
; Bin7SegDecoder2.vhd              ; yes             ; User VHDL File                     ; C:/Users/tiago/Documents/University/1 ano/2 Semestre/LSD/Pratico/MiniProjeto/Bin7SegDecoder2.vhd ;         ;
+----------------------------------+-----------------+------------------------------------+--------------------------------------------------------------------------------------------------+---------+


+--------------------------------------------------------------+
; Analysis & Synthesis Resource Usage Summary                  ;
+---------------------------------------------+----------------+
; Resource                                    ; Usage          ;
+---------------------------------------------+----------------+
; Estimated Total logic elements              ; 101            ;
;                                             ;                ;
; Total combinational functions               ; 101            ;
; Logic element usage by number of LUT inputs ;                ;
;     -- 4 input functions                    ; 41             ;
;     -- 3 input functions                    ; 19             ;
;     -- <=2 input functions                  ; 41             ;
;                                             ;                ;
; Logic elements by mode                      ;                ;
;     -- normal mode                          ; 70             ;
;     -- arithmetic mode                      ; 31             ;
;                                             ;                ;
; Total registers                             ; 42             ;
;     -- Dedicated logic registers            ; 42             ;
;     -- I/O registers                        ; 0              ;
;                                             ;                ;
; I/O pins                                    ; 32             ;
;                                             ;                ;
; Embedded Multiplier 9-bit elements          ; 0              ;
;                                             ;                ;
; Maximum fan-out node                        ; CLOCK_50~input ;
; Maximum fan-out                             ; 42             ;
; Total fan-out                               ; 451            ;
; Average fan-out                             ; 2.18           ;
+---------------------------------------------+----------------+


+--------------------------------------------------------------------------------------------------------------------------------------------------------------------------------------------------------------------------+
; Analysis & Synthesis Resource Utilization by Entity                                                                                                                                                                      ;
+----------------------------+---------------------+---------------------------+-------------+--------------+---------+-----------+------+--------------+---------------------------------+-----------------+--------------+
; Compilation Hierarchy Node ; Combinational ALUTs ; Dedicated Logic Registers ; Memory Bits ; DSP Elements ; DSP 9x9 ; DSP 18x18 ; Pins ; Virtual Pins ; Full Hierarchy Name             ; Entity Name     ; Library Name ;
+----------------------------+---------------------+---------------------------+-------------+--------------+---------+-----------+------+--------------+---------------------------------+-----------------+--------------+
; |Grinalda                  ; 101 (0)             ; 42 (0)                    ; 0           ; 0            ; 0       ; 0         ; 32   ; 0            ; |Grinalda                       ; Grinalda        ; work         ;
;    |Bin7SegDecoder2:inst1| ; 7 (7)               ; 0 (0)                     ; 0           ; 0            ; 0       ; 0         ; 0    ; 0            ; |Grinalda|Bin7SegDecoder2:inst1 ; Bin7SegDecoder2 ; work         ;
;    |Bin7SegDecoder2:inst|  ; 7 (7)               ; 0 (0)                     ; 0           ; 0            ; 0       ; 0         ; 0    ; 0            ; |Grinalda|Bin7SegDecoder2:inst  ; Bin7SegDecoder2 ; work         ;
;    |Bin7SegDecoder:inst2|  ; 4 (4)               ; 0 (0)                     ; 0           ; 0            ; 0       ; 0         ; 0    ; 0            ; |Grinalda|Bin7SegDecoder:inst2  ; Bin7SegDecoder  ; work         ;
;    |programa1:inst10|      ; 83 (83)             ; 42 (42)                   ; 0           ; 0            ; 0       ; 0         ; 0    ; 0            ; |Grinalda|programa1:inst10      ; programa1       ; work         ;
+----------------------------+---------------------+---------------------------+-------------+--------------+---------+-----------+------+--------------+---------------------------------+-----------------+--------------+
Note: For table entries with two numbers listed, the numbers in parentheses indicate the number of resources of the given type used by the specific entity alone. The numbers listed outside of parentheses indicate the total resources of the given type used by the specific entity and all of its sub-entities in the hierarchy.


+------------------------------------------------------------------------------+
; Registers Removed During Synthesis                                           ;
+---------------------------------------+--------------------------------------+
; Register name                         ; Reason for Removal                   ;
+---------------------------------------+--------------------------------------+
; programa1:inst10|LEDG[1..3]           ; Merged with programa1:inst10|LEDG[0] ;
; programa1:inst10|LEDR[1..3]           ; Merged with programa1:inst10|LEDR[0] ;
; programa1:inst10|count_blinkG[4]      ; Lost fanout                          ;
; programa1:inst10|count_blinkR[4]      ; Lost fanout                          ;
; Total Number of Removed Registers = 8 ;                                      ;
+---------------------------------------+--------------------------------------+


+------------------------------------------------------+
; General Register Statistics                          ;
+----------------------------------------------+-------+
; Statistic                                    ; Value ;
+----------------------------------------------+-------+
; Total registers                              ; 42    ;
; Number of registers using Synchronous Clear  ; 0     ;
; Number of registers using Synchronous Load   ; 0     ;
; Number of registers using Asynchronous Clear ; 0     ;
; Number of registers using Asynchronous Load  ; 0     ;
; Number of registers using Clock Enable       ; 8     ;
; Number of registers using Preset             ; 0     ;
+----------------------------------------------+-------+


+--------------------------------------------------+
; Inverted Register Statistics                     ;
+----------------------------------------+---------+
; Inverted Register                      ; Fan out ;
+----------------------------------------+---------+
; programa1:inst10|stateG                ; 3       ;
; programa1:inst10|counter[0]            ; 2       ;
; programa1:inst10|stateR                ; 3       ;
; programa1:inst10|counter2[0]           ; 5       ;
; Total number of inverted registers = 4 ;         ;
+----------------------------------------+---------+


+----------------------------------------------------------------------------------------------------------------------------------------------------------+
; Multiplexer Restructuring Statistics (Restructuring Performed)                                                                                           ;
+--------------------+-----------+---------------+----------------------+------------------------+------------+--------------------------------------------+
; Multiplexer Inputs ; Bus Width ; Baseline Area ; Area if Restructured ; Saving if Restructured ; Registered ; Example Multiplexer Output                 ;
+--------------------+-----------+---------------+----------------------+------------------------+------------+--------------------------------------------+
; 4:1                ; 3 bits    ; 6 LEs         ; 3 LEs                ; 3 LEs                  ; Yes        ; |Grinalda|programa1:inst10|counter2[3]     ;
; 6:1                ; 5 bits    ; 20 LEs        ; 5 LEs                ; 15 LEs                 ; Yes        ; |Grinalda|programa1:inst10|count_blinkG[0] ;
; 6:1                ; 5 bits    ; 20 LEs        ; 5 LEs                ; 15 LEs                 ; Yes        ; |Grinalda|programa1:inst10|count_blinkR[0] ;
+--------------------+-----------+---------------+----------------------+------------------------+------------+--------------------------------------------+


+-----------------------------------------------------+
; Post-Synthesis Netlist Statistics for Top Partition ;
+-----------------------+-----------------------------+
; Type                  ; Count                       ;
+-----------------------+-----------------------------+
; boundary_port         ; 32                          ;
; cycloneiii_ff         ; 42                          ;
;     ENA               ; 8                           ;
;     plain             ; 34                          ;
; cycloneiii_lcell_comb ; 107                         ;
;     arith             ; 31                          ;
;         2 data inputs ; 31                          ;
;     normal            ; 76                          ;
;         0 data inputs ; 1                           ;
;         1 data inputs ; 9                           ;
;         2 data inputs ; 6                           ;
;         3 data inputs ; 19                          ;
;         4 data inputs ; 41                          ;
;                       ;                             ;
; Max LUT depth         ; 5.00                        ;
; Average LUT depth     ; 3.22                        ;
+-----------------------+-----------------------------+


+-------------------------------+
; Elapsed Time Per Partition    ;
+----------------+--------------+
; Partition Name ; Elapsed Time ;
+----------------+--------------+
; Top            ; 00:00:00     ;
+----------------+--------------+


+-------------------------------+
; Analysis & Synthesis Messages ;
+-------------------------------+
Info: *******************************************************************
Info: Running Quartus Prime Analysis & Synthesis
    Info: Version 22.1std.2 Build 922 07/20/2023 SC Lite Edition
    Info: Processing started: Thu May  9 08:44:22 2024
Info: Command: quartus_map --read_settings_files=on --write_settings_files=off Grinalda -c Grinalda
Warning (18236): Number of processors has not been specified which may cause overloading on shared machines.  Set the global assignment NUM_PARALLEL_PROCESSORS in your QSF to an appropriate value for best performance.
Info (20030): Parallel compilation is enabled and will use 16 of the 16 processors detected
Info (12021): Found 2 design units, including 1 entities, in source file bin7segdecoder.vhd
    Info (12022): Found design unit 1: Bin7SegDecoder-Behavioral File: C:/Users/tiago/Documents/University/1 ano/2 Semestre/LSD/Pratico/MiniProjeto/Bin7SegDecoder.vhd Line: 12
    Info (12023): Found entity 1: Bin7SegDecoder File: C:/Users/tiago/Documents/University/1 ano/2 Semestre/LSD/Pratico/MiniProjeto/Bin7SegDecoder.vhd Line: 4
Info (12021): Found 1 design units, including 1 entities, in source file grinalda.bdf
    Info (12023): Found entity 1: Grinalda
Info (12021): Found 2 design units, including 1 entities, in source file programa1.vhd
    Info (12022): Found design unit 1: Programa1-Behav File: C:/Users/tiago/Documents/University/1 ano/2 Semestre/LSD/Pratico/MiniProjeto/Programa1.vhd Line: 16
    Info (12023): Found entity 1: programa1 File: C:/Users/tiago/Documents/University/1 ano/2 Semestre/LSD/Pratico/MiniProjeto/Programa1.vhd Line: 5
Info (12021): Found 2 design units, including 1 entities, in source file bin7segdecoder2.vhd
    Info (12022): Found design unit 1: Bin7SegDecoder2-Behavioral File: C:/Users/tiago/Documents/University/1 ano/2 Semestre/LSD/Pratico/MiniProjeto/Bin7SegDecoder2.vhd Line: 12
    Info (12023): Found entity 1: Bin7SegDecoder2 File: C:/Users/tiago/Documents/University/1 ano/2 Semestre/LSD/Pratico/MiniProjeto/Bin7SegDecoder2.vhd Line: 4
Info (12127): Elaborating entity "Grinalda" for the top level hierarchy
Info (12128): Elaborating entity "Bin7SegDecoder" for hierarchy "Bin7SegDecoder:inst2"
Info (12128): Elaborating entity "Bin7SegDecoder2" for hierarchy "Bin7SegDecoder2:inst1"
Info (12128): Elaborating entity "programa1" for hierarchy "programa1:inst10"
Warning (13024): Output pins are stuck at VCC or GND
    Warning (13410): Pin "HEX0[1]" is stuck at GND
Info (286030): Timing-Driven Synthesis is running
Info (17049): 2 registers lost all their fanouts during netlist optimizations.
Info (16010): Generating hard_block partition "hard_block:auto_generated_inst"
    Info (16011): Adding 0 node(s), including 0 DDIO, 0 PLL, 0 transceiver and 0 LCELL
Info (21057): Implemented 133 device resources after synthesis - the final resource count might be different
    Info (21058): Implemented 3 input pins
    Info (21059): Implemented 29 output pins
    Info (21061): Implemented 101 logic cells
Info: Quartus Prime Analysis & Synthesis was successful. 0 errors, 3 warnings
    Info: Peak virtual memory: 4894 megabytes
    Info: Processing ended: Thu May  9 08:44:33 2024
    Info: Elapsed time: 00:00:11
    Info: Total CPU time (on all processors): 00:00:17


